<?xml version="1.0" encoding="UTF-8"?>
<!-- Generated by org.testng.reporters.JUnitXMLReporter -->
<testsuite ignored="0" hostname="Harshits-MacBook-Air.local" failures="0" tests="12" name="Surefire test" time="0.601" errors="0" timestamp="2025-07-20T15:00:41 IST">
  <testcase classname="BaseTestClass.BaseClass" name="@BeforeClass setUp" time="-1.753003841348E9">
    <failure type="org.testng.TestNGException" message="
Parameter &amp;apos;os&amp;apos; is required by BeforeClass on method setUp but has not been marked @Optional or defined
">
      <![CDATA[org.testng.TestNGException: 
Parameter 'os' is required by BeforeClass on method setUp but has not been marked @Optional or defined

at java.base/java.util.ArrayList.forEach(ArrayList.java:1596)
... Removed 27 stack frames]]>
    </failure>
  </testcase> <!-- @BeforeClass setUp -->
  <testcase classname="BaseTestClass.BaseClass" name="@AfterClass tearDown" time="0.0">
    <skipped/>
  </testcase> <!-- @AfterClass tearDown -->
  <testcase classname="BaseTestClass.BaseClass" name="@BeforeClass setUp" time="-1.753003841941E9">
    <failure type="org.testng.TestNGException" message="
Parameter &amp;apos;os&amp;apos; is required by BeforeClass on method setUp but has not been marked @Optional or defined
">
      <![CDATA[org.testng.TestNGException: 
Parameter 'os' is required by BeforeClass on method setUp but has not been marked @Optional or defined

at java.base/java.util.ArrayList.forEach(ArrayList.java:1596)
... Removed 27 stack frames]]>
    </failure>
  </testcase> <!-- @BeforeClass setUp -->
  <testcase classname="BaseTestClass.BaseClass" name="@AfterClass tearDown" time="0.0">
    <skipped/>
  </testcase> <!-- @AfterClass tearDown -->
  <testcase classname="BaseTestClass.BaseClass" name="@BeforeClass setUp" time="-1.753003841942E9">
    <failure type="org.testng.TestNGException" message="
Parameter &amp;apos;os&amp;apos; is required by BeforeClass on method setUp but has not been marked @Optional or defined
">
      <![CDATA[org.testng.TestNGException: 
Parameter 'os' is required by BeforeClass on method setUp but has not been marked @Optional or defined

at java.base/java.util.ArrayList.forEach(ArrayList.java:1596)
... Removed 27 stack frames]]>
    </failure>
  </testcase> <!-- @BeforeClass setUp -->
  <testcase classname="BaseTestClass.BaseClass" name="@AfterClass tearDown" time="0.0">
    <skipped/>
  </testcase> <!-- @AfterClass tearDown -->
  <testcase classname="testCases.TC003_LoginDDTest" name="verifyDDLogin" time="0.0">
    <skipped/>
  </testcase> <!-- verifyDDLogin -->
  <testcase classname="testCases.TC003_LoginDDTest" name="verifyDDLogin" time="0.0">
    <skipped/>
  </testcase> <!-- verifyDDLogin -->
  <testcase classname="testCases.TC003_LoginDDTest" name="verifyDDLogin" time="0.0">
    <skipped/>
  </testcase> <!-- verifyDDLogin -->
  <testcase classname="testCases.TC003_LoginDDTest" name="verifyDDLogin" time="0.0">
    <skipped/>
  </testcase> <!-- verifyDDLogin -->
  <testcase classname="testCases.TC003_LoginDDTest" name="verifyDDLogin" time="0.0">
    <skipped/>
  </testcase> <!-- verifyDDLogin -->
  <testcase classname="testCases.TC003_LoginDDTest" name="verifyDDLogin" time="0.0">
    <skipped/>
  </testcase> <!-- verifyDDLogin -->
  <testcase classname="testCases.TC003_LoginDDTest" name="verifyDDLogin" time="0.0">
    <skipped/>
  </testcase> <!-- verifyDDLogin -->
  <testcase classname="testCases.TC003_LoginDDTest" name="verifyDDLogin" time="0.0">
    <skipped/>
  </testcase> <!-- verifyDDLogin -->
  <testcase classname="testCases.TC003_LoginDDTest" name="verifyDDLogin" time="0.0">
    <skipped/>
  </testcase> <!-- verifyDDLogin -->
  <testcase classname="testCases.TC003_LoginDDTest" name="verifyDDLogin" time="0.0">
    <skipped/>
  </testcase> <!-- verifyDDLogin -->
  <testcase classname="testCases.TC001_AccountRegistrationTest" name="verify_account_registration" time="0.0">
    <skipped/>
  </testcase> <!-- verify_account_registration -->
  <testcase classname="testCases.TC002_LoginTest" name="verifyLoginTest" time="0.0">
    <skipped/>
  </testcase> <!-- verifyLoginTest -->
</testsuite> <!-- Surefire test -->
