<?xml version="1.0" encoding="UTF-8"?>
<!-- Generated by org.testng.reporters.JUnitXMLReporter -->
<testsuite ignored="0" hostname="Harshits-MacBook-Air.local" failures="1" tests="1" name="Test" time="3.782" errors="0" timestamp="2025-07-20T16:05:12 IST">
  <testcase classname="testCases.TC002_LoginTest" name="verifyLoginTest" time="0.013">
    <failure type="java.lang.AssertionError">
      <![CDATA[java.lang.AssertionError: 
at testCases.TC002_LoginTest.verifyLoginTest(TC002_LoginTest.java:60)
at java.base/java.util.ArrayList.forEach(ArrayList.java:1604)
... Removed 31 stack frames]]>
    </failure>
  </testcase> <!-- verifyLoginTest -->
</testsuite> <!-- Test -->
