<?xml version="1.0" encoding="UTF-8"?>
<!-- Generated by org.testng.reporters.JUnitXMLReporter -->
<testsuite ignored="0" hostname="Harshits-MacBook-Air.local" failures="2" tests="2" name="Test(failed)" time="6.905" errors="0" timestamp="2025-07-16T23:13:00 IST">
  <testcase classname="testCases.TC003_LoginDDTest" name="verifyDDLogin" time="1.504">
    <failure type="java.lang.AssertionError" message="null">
      <![CDATA[java.lang.AssertionError: null
at testCases.TC003_LoginDDTest.verifyDDLogin(TC003_LoginDDTest.java:57)
at java.base/java.util.ArrayList.forEach(ArrayList.java:1596)
... Removed 27 stack frames]]>
    </failure>
  </testcase> <!-- verifyDDLogin -->
  <testcase classname="testCases.TC003_LoginDDTest" name="verifyDDLogin" time="1.507">
    <failure type="java.lang.AssertionError" message="null">
      <![CDATA[java.lang.AssertionError: null
at testCases.TC003_LoginDDTest.verifyDDLogin(TC003_LoginDDTest.java:57)
at java.base/java.util.ArrayList.forEach(ArrayList.java:1596)
... Removed 27 stack frames]]>
    </failure>
  </testcase> <!-- verifyDDLogin -->
</testsuite> <!-- Test(failed) -->
