<?xml version="1.0" encoding="UTF-8"?>
<!-- Generated by org.testng.reporters.JUnitReportReporter -->
<testsuite hostname="Harshits-MacBook-Air.local" failures="0" tests="11" name="testCases.TC003_LoginDDTest" time="180.031" errors="1" timestamp="2025-07-18T23:11:13 IST" skipped="10">
  <testcase classname="testCases.TC003_LoginDDTest" name="verifyDDLogin" time="0.000">
    <skipped/>
  </testcase> <!-- verifyDDLogin -->
  <testcase classname="testCases.TC003_LoginDDTest" name="setUp" time="180.031">
    <error message="Could not start a new session. Possible causes are invalid address of the remote server or browser start-up failure. 
Host info: host: &#039;Harshits-MacBook-Air.local&#039;, ip: &#039;fe80:0:0:0:cbc:e667:e4db:777c%en0&#039;" type="org.openqa.selenium.SessionNotCreatedException">
      <![CDATA[org.openqa.selenium.SessionNotCreatedException: Could not start a new session. Possible causes are invalid address of the remote server or browser start-up failure. 
Host info: host: 'Harshits-MacBook-Air.local', ip: 'fe80:0:0:0:cbc:e667:e4db:777c%en0'
at org.openqa.selenium.remote.RemoteWebDriver.execute(RemoteWebDriver.java:620)
at org.openqa.selenium.remote.RemoteWebDriver.startSession(RemoteWebDriver.java:236)
at org.openqa.selenium.remote.RemoteWebDriver.<init>(RemoteWebDriver.java:163)
at org.openqa.selenium.remote.RemoteWebDriver.<init>(RemoteWebDriver.java:143)
at BaseTestClass.BaseClass.setUp(BaseClass.java:73)
at java.base/jdk.internal.reflect.DirectMethodHandleAccessor.invoke(DirectMethodHandleAccessor.java:103)
at java.base/java.lang.reflect.Method.invoke(Method.java:580)
at org.testng.internal.invokers.MethodInvocationHelper.invokeMethod(MethodInvocationHelper.java:141)
at org.testng.internal.invokers.MethodInvocationHelper.invokeMethodConsideringTimeout(MethodInvocationHelper.java:71)
at org.testng.internal.invokers.ConfigInvoker.invokeConfigurationMethod(ConfigInvoker.java:400)
at org.testng.internal.invokers.ConfigInvoker.invokeConfigurations(ConfigInvoker.java:333)
at org.testng.internal.invokers.TestMethodWorker.invokeBeforeClassMethods(TestMethodWorker.java:188)
at org.testng.internal.invokers.TestMethodWorker.run(TestMethodWorker.java:128)
at java.base/java.util.ArrayList.forEach(ArrayList.java:1596)
at org.testng.TestRunner.privateRun(TestRunner.java:741)
at org.testng.TestRunner.run(TestRunner.java:616)
at org.testng.SuiteRunner.runTest(SuiteRunner.java:421)
at org.testng.SuiteRunner.runSequentially(SuiteRunner.java:413)
at org.testng.SuiteRunner.privateRun(SuiteRunner.java:373)
at org.testng.SuiteRunner.run(SuiteRunner.java:312)
at org.testng.SuiteRunnerWorker.runSuite(SuiteRunnerWorker.java:52)
at org.testng.SuiteRunnerWorker.run(SuiteRunnerWorker.java:95)
at org.testng.TestNG.runSuitesSequentially(TestNG.java:1274)
at org.testng.TestNG.runSuitesLocally(TestNG.java:1208)
at org.testng.TestNG.runSuites(TestNG.java:1112)
at org.testng.TestNG.run(TestNG.java:1079)
at org.testng.remote.AbstractRemoteTestNG.run(AbstractRemoteTestNG.java:115)
at org.testng.remote.RemoteTestNG.initAndRun(RemoteTestNG.java:293)
at org.testng.remote.RemoteTestNG.main(RemoteTestNG.java:91)
Caused by: org.openqa.selenium.TimeoutException: java.util.concurrent.TimeoutException
Build info: version: '4.12.1', revision: '8e34639b11'
System info: os.name: 'Mac OS X', os.arch: 'aarch64', os.version: '15.5', java.version: '21.0.7'
Driver info: driver.version: RemoteWebDriver
at org.openqa.selenium.remote.http.netty.NettyHttpHandler.makeCall(NettyHttpHandler.java:65)
at org.openqa.selenium.remote.http.AddSeleniumUserAgent.lambda$apply$0(AddSeleniumUserAgent.java:42)
at org.openqa.selenium.remote.http.Filter.lambda$andFinally$1(Filter.java:55)
at org.openqa.selenium.remote.http.netty.NettyHttpHandler.execute(NettyHttpHandler.java:48)
at org.openqa.selenium.remote.http.netty.NettyClient.execute(NettyClient.java:96)
at org.openqa.selenium.remote.tracing.TracedHttpClient.execute(TracedHttpClient.java:54)
at org.openqa.selenium.remote.ProtocolHandshake.createSession(ProtocolHandshake.java:115)
at org.openqa.selenium.remote.ProtocolHandshake.createSession(ProtocolHandshake.java:96)
at org.openqa.selenium.remote.ProtocolHandshake.createSession(ProtocolHandshake.java:68)
at org.openqa.selenium.remote.HttpCommandExecutor.execute(HttpCommandExecutor.java:163)
at org.openqa.selenium.remote.TracedCommandExecutor.execute(TracedCommandExecutor.java:51)
at org.openqa.selenium.remote.RemoteWebDriver.execute(RemoteWebDriver.java:602)
... 28 more
Caused by: java.util.concurrent.TimeoutException
at java.base/java.util.concurrent.CompletableFuture.timedGet(CompletableFuture.java:1960)
at java.base/java.util.concurrent.CompletableFuture.get(CompletableFuture.java:2095)
at org.asynchttpclient.netty.NettyResponseFuture.get(NettyResponseFuture.java:206)
at org.openqa.selenium.remote.http.netty.NettyHttpHandler.makeCall(NettyHttpHandler.java:59)
... 39 more
]]>
    </error>
  </testcase> <!-- setUp -->
  <testcase classname="testCases.TC003_LoginDDTest" name="verifyDDLogin" time="0.000">
    <skipped/>
  </testcase> <!-- verifyDDLogin -->
  <testcase classname="testCases.TC003_LoginDDTest" name="verifyDDLogin" time="0.000">
    <skipped/>
  </testcase> <!-- verifyDDLogin -->
  <testcase classname="testCases.TC003_LoginDDTest" name="verifyDDLogin" time="0.000">
    <skipped/>
  </testcase> <!-- verifyDDLogin -->
  <testcase classname="testCases.TC003_LoginDDTest" name="verifyDDLogin" time="0.000">
    <skipped/>
  </testcase> <!-- verifyDDLogin -->
  <testcase classname="testCases.TC003_LoginDDTest" name="verifyDDLogin" time="0.000">
    <skipped/>
  </testcase> <!-- verifyDDLogin -->
  <testcase classname="testCases.TC003_LoginDDTest" name="verifyDDLogin" time="0.000">
    <skipped/>
  </testcase> <!-- verifyDDLogin -->
  <testcase classname="testCases.TC003_LoginDDTest" name="verifyDDLogin" time="0.000">
    <skipped/>
  </testcase> <!-- verifyDDLogin -->
  <testcase classname="testCases.TC003_LoginDDTest" name="verifyDDLogin" time="0.000">
    <skipped/>
  </testcase> <!-- verifyDDLogin -->
  <testcase classname="testCases.TC003_LoginDDTest" name="verifyDDLogin" time="0.000">
    <skipped/>
  </testcase> <!-- verifyDDLogin -->
</testsuite> <!-- testCases.TC003_LoginDDTest -->
