<?xml version="1.0" encoding="UTF-8"?>
<!-- Generated by org.testng.reporters.JUnitXMLReporter -->
<testsuite ignored="0" hostname="Harshits-MacBook-Air.local" failures="1" tests="1" name="edgeTest" time="5.99" errors="0" timestamp="2025-07-18T23:08:20 IST">
  <testcase classname="testCases.TC002_LoginTest" name="verifyLoginTest" time="0.021">
    <failure type="java.lang.AssertionError" message="null">
      <![CDATA[java.lang.AssertionError: null
at testCases.TC002_LoginTest.verifyLoginTest(TC002_LoginTest.java:58)
at java.base/java.util.ArrayList.forEach(ArrayList.java:1596)
... Removed 27 stack frames]]>
    </failure>
  </testcase> <!-- verifyLoginTest -->
</testsuite> <!-- edgeTest -->
